  oop2_Week13_01(템플릿 함수).cpp
C:\Users\rudnf\OneDrive\바탕 화면\Cpp_hard_study\Inha_class\CPP_forouzan_teagan\CPP_forouzan_teagan\oop2_Week13_01(템플릿 함수).cpp(1,1): warning C4828: 파일에 0x156 오프셋에서 시작하는 문자가 포함되어 있습니다. 이 문자는 현재 원본 문자 집합에서 잘못된 문자입니다(코드 페이지 949).
C:\Users\rudnf\OneDrive\바탕 화면\Cpp_hard_study\Inha_class\CPP_forouzan_teagan\CPP_forouzan_teagan\oop2_Week13_01(템플릿 함수).cpp(9,13): warning C4326: 'main'의 반환 형식이 'int'이어야 하는데 'void'입니다.
C:\Users\rudnf\OneDrive\바탕 화면\Cpp_hard_study\Inha_class\CPP_forouzan_teagan\CPP_forouzan_teagan\oop2_Week13_01(템플릿 함수).cpp(12,11): error C2668: 'max': 오버로드된 함수에 대한 호출이 모호합니다.
C:\Users\rudnf\OneDrive\바탕 화면\Cpp_hard_study\Inha_class\CPP_forouzan_teagan\CPP_forouzan_teagan\oop2_Week13_01(템플릿 함수).cpp(5,3): message : 'T max<int>(T,T)'일 수 있습니다.
          with
          [
              T=int
          ]
C:\Program Files\Microsoft Visual Studio\2022\Community\VC\Tools\MSVC\14.35.32215\include\utility(41,6): message : 또는       'const _Ty &std::max<int>(const _Ty &,const _Ty &) noexcept(<expr>)'
          with
          [
              _Ty=int
          ]
C:\Users\rudnf\OneDrive\바탕 화면\Cpp_hard_study\Inha_class\CPP_forouzan_teagan\CPP_forouzan_teagan\oop2_Week13_01(템플릿 함수).cpp(12,11): message : 인수 목록 '(int, int)'을(를) 일치시키는 동안
C:\Users\rudnf\OneDrive\바탕 화면\Cpp_hard_study\Inha_class\CPP_forouzan_teagan\CPP_forouzan_teagan\oop2_Week13_01(템플릿 함수).cpp(16,14): error C2668: 'max': 오버로드된 함수에 대한 호출이 모호합니다.
C:\Users\rudnf\OneDrive\바탕 화면\Cpp_hard_study\Inha_class\CPP_forouzan_teagan\CPP_forouzan_teagan\oop2_Week13_01(템플릿 함수).cpp(5,3): message : 'T max<double>(T,T)'일 수 있습니다.
          with
          [
              T=double
          ]
C:\Program Files\Microsoft Visual Studio\2022\Community\VC\Tools\MSVC\14.35.32215\include\utility(41,6): message : 또는       'const _Ty &std::max<double>(const _Ty &,const _Ty &) noexcept(<expr>)'
          with
          [
              _Ty=double
          ]
C:\Users\rudnf\OneDrive\바탕 화면\Cpp_hard_study\Inha_class\CPP_forouzan_teagan\CPP_forouzan_teagan\oop2_Week13_01(템플릿 함수).cpp(16,14): message : 인수 목록 '(double, double)'을(를) 일치시키는 동안
C:\Users\rudnf\OneDrive\바탕 화면\Cpp_hard_study\Inha_class\CPP_forouzan_teagan\CPP_forouzan_teagan\oop2_Week13_01(템플릿 함수).cpp(19,2): error C2562: 'main': 'void' 함수에서 값을 반환하고 있습니다.
C:\Users\rudnf\OneDrive\바탕 화면\Cpp_hard_study\Inha_class\CPP_forouzan_teagan\CPP_forouzan_teagan\oop2_Week13_01(템플릿 함수).cpp(9,6): message : 'main' 선언을 참조하십시오.
